<?xml version="1.0" encoding="UTF-8"?>
<!-- Generated by org.testng.reporters.JUnitReportReporter -->
<testsuite hostname="GS-2657" failures="0" tests="3" name="com.json.json.DDTUsingJSON" time="11.863" errors="0" timestamp="2020-07-21T12:53:05 IST" skipped="0">
  <testcase classname="com.json.json.DDTUsingJSON" name="login" time="2.825"/>
  <system-out/>
  <testcase classname="com.json.json.DDTUsingJSON" name="login" time="2.345"/>
  <system-out/>
  <testcase classname="com.json.json.DDTUsingJSON" name="login" time="6.693"/>
  <system-out/>
</testsuite> <!-- com.json.json.DDTUsingJSON -->
